<?xml version="1.0" encoding="UTF-8"?>
<testsuite name="ATB7x-APIAutomationPrograms"
           tests="1"
           failures="1"
           errors="0"
           skipped="0"
           time="0.338">
    <properties></properties>

            <testcase
                name="VerifyAssertJAssertions"
                time="0.338"
                classname="com.thetestingacademy.ex_03032026.Verification002">

            <failure type="java.lang.AssertionError" message="
Expecting actual:
  2026-03-03 (java.time.LocalDate)
to be between:
  [2023-01-01 (java.time.LocalDate), 2023-12-31 (java.time.LocalDate)]
">
                <![CDATA[java.lang.AssertionError: 
Expecting actual:
  2026-03-03 (java.time.LocalDate)
to be between:
  [2023-01-01 (java.time.LocalDate), 2023-12-31 (java.time.LocalDate)]

                com.thetestingacademy.ex_03032026.Verification002.VerifyAssertJAssertions(Verification002.java:32)java.base/jdk.internal.reflect.DirectMethodHandleAccessor.invoke(DirectMethodHandleAccessor.java:103)java.base/java.lang.reflect.Method.invoke(Method.java:580)org.testng.internal.invokers.MethodInvocationHelper.invokeMethod(MethodInvocationHelper.java:141)org.testng.internal.invokers.TestInvoker.invokeMethod(TestInvoker.java:697)org.testng.internal.invokers.TestInvoker.invokeTestMethod(TestInvoker.java:230)org.testng.internal.invokers.MethodRunner.runInSequence(MethodRunner.java:63)org.testng.internal.invokers.TestInvoker$MethodInvocationAgent.invoke(TestInvoker.java:1005)org.testng.internal.invokers.TestInvoker.invokeTestMethods(TestInvoker.java:203)org.testng.internal.invokers.TestMethodWorker.invokeTestMethods(TestMethodWorker.java:154)org.testng.internal.invokers.TestMethodWorker.run(TestMethodWorker.java:134)java.base/java.util.ArrayList.forEach(ArrayList.java:1596)org.testng.TestRunner.privateRun(TestRunner.java:744)org.testng.TestRunner.run(TestRunner.java:616)org.testng.SuiteRunner.runTest(SuiteRunner.java:421)org.testng.SuiteRunner.runSequentially(SuiteRunner.java:413)org.testng.SuiteRunner.privateRun(SuiteRunner.java:373)org.testng.SuiteRunner.run(SuiteRunner.java:312)org.testng.SuiteRunnerWorker.runSuite(SuiteRunnerWorker.java:52)org.testng.SuiteRunnerWorker.run(SuiteRunnerWorker.java:95)org.testng.TestNG.runSuitesSequentially(TestNG.java:1274)org.testng.TestNG.runSuitesLocally(TestNG.java:1208)org.testng.TestNG.runSuites(TestNG.java:1112)org.testng.TestNG.run(TestNG.java:1079)com.intellij.rt.testng.IDEARemoteTestNG.run(IDEARemoteTestNG.java:65)com.intellij.rt.testng.RemoteTestNGStarter.main(RemoteTestNGStarter.java:105)
]]>
            </failure>
    </testcase>


</testsuite>
