<?xml version="1.0" encoding="UTF-8"?>
<testsuite name="ATB7x-APIAutomationPrograms"
           tests="2"
           failures="1"
           errors="0"
           skipped="0"
           time="0.173">
    <properties></properties>

            <testcase
                name="test_NGE2E01"
                time="0.165"
                classname="com.thetestingacademy.ex_01032026_CRUD_E2E.testngexample.TestNGE2E_01">

            <failure type="java.lang.AssertionError" message="expected [false] but found [true]">
                <![CDATA[java.lang.AssertionError: expected [false] but found [true]
                org.testng.Assert.fail(Assert.java:111)org.testng.Assert.failNotEquals(Assert.java:1590)org.testng.Assert.assertEqualsImpl(Assert.java:150)org.testng.Assert.assertEquals(Assert.java:132)org.testng.Assert.assertEquals(Assert.java:1079)org.testng.Assert.assertEquals(Assert.java:1043)org.testng.Assert.assertEquals(Assert.java:1089)com.thetestingacademy.ex_01032026_CRUD_E2E.testngexample.TestNGE2E_01.test_NGE2E01(TestNGE2E_01.java:15)java.base/jdk.internal.reflect.DirectMethodHandleAccessor.invoke(DirectMethodHandleAccessor.java:103)java.base/java.lang.reflect.Method.invoke(Method.java:580)org.testng.internal.invokers.MethodInvocationHelper.invokeMethod(MethodInvocationHelper.java:141)org.testng.internal.invokers.TestInvoker.invokeMethod(TestInvoker.java:697)org.testng.internal.invokers.TestInvoker.invokeTestMethod(TestInvoker.java:230)org.testng.internal.invokers.MethodRunner.runInSequence(MethodRunner.java:63)org.testng.internal.invokers.TestInvoker$MethodInvocationAgent.invoke(TestInvoker.java:1005)org.testng.internal.invokers.TestInvoker.invokeTestMethods(TestInvoker.java:203)org.testng.internal.invokers.TestMethodWorker.invokeTestMethods(TestMethodWorker.java:154)org.testng.internal.invokers.TestMethodWorker.run(TestMethodWorker.java:134)java.base/java.util.ArrayList.forEach(ArrayList.java:1596)org.testng.TestRunner.privateRun(TestRunner.java:744)org.testng.TestRunner.run(TestRunner.java:616)org.testng.SuiteRunner.runTest(SuiteRunner.java:421)org.testng.SuiteRunner.runSequentially(SuiteRunner.java:413)org.testng.SuiteRunner.privateRun(SuiteRunner.java:373)org.testng.SuiteRunner.run(SuiteRunner.java:312)org.testng.SuiteRunnerWorker.runSuite(SuiteRunnerWorker.java:52)org.testng.SuiteRunnerWorker.run(SuiteRunnerWorker.java:95)org.testng.TestNG.runSuitesSequentially(TestNG.java:1274)org.testng.TestNG.runSuitesLocally(TestNG.java:1208)org.testng.TestNG.runSuites(TestNG.java:1112)org.testng.TestNG.run(TestNG.java:1079)com.intellij.rt.testng.IDEARemoteTestNG.run(IDEARemoteTestNG.java:65)com.intellij.rt.testng.RemoteTestNGStarter.main(RemoteTestNGStarter.java:105)
]]>
            </failure>
    </testcase>


            <testcase
                name="test_NGE2E02"
                time="0.008"
                classname="com.thetestingacademy.ex_01032026_CRUD_E2E.testngexample.TestNGE2E_01">
            </testcase>
</testsuite>
